
*** Running vivado
    with args -log display_driver.vdi -applog -m64 -product Vivado -messageDb vivado.pb -mode batch -source display_driver.tcl -notrace



****** Vivado v2025.2 (64-bit)
  **** SW Build 6299465 on Fri Nov 14 19:35:11 GMT 2025
  **** IP Build 6300035 on Fri Nov 14 10:48:45 MST 2025
  **** SharedData Build 6298862 on Thu Nov 13 04:50:51 MST 2025
  **** Start of session at: Thu Apr 16 18:47:37 2026
    ** Copyright 1986-2022 Xilinx, Inc. All Rights Reserved.
    ** Copyright 2022-2025 Advanced Micro Devices, Inc. All Rights Reserved.

source display_driver.tcl -notrace
create_project: Time (s): cpu = 00:00:19 ; elapsed = 00:00:14 . Memory (MB): peak = 534.078 ; gain = 219.965
Command: link_design -top display_driver -part xc7a50ticsg324-1L
Design is defaulting to srcset: sources_1
Design is defaulting to constrset: constrs_1
INFO: [Device 21-403] Loading part xc7a50ticsg324-1L
Netlist sorting complete. Time (s): cpu = 00:00:00 ; elapsed = 00:00:00 . Memory (MB): peak = 791.844 ; gain = 0.000
INFO: [Project 1-570] Preparing netlist for logic optimization
Parsing XDC File [C:/Users/asus1/Documents/GitHub/FPGA-I2C-Thermostat-Driver/thermostat/thermostat.srcs/constrs_1/new/nexys.xdc]
WARNING: [Vivado 12-584] No ports matched 'clk'. [C:/Users/asus1/Documents/GitHub/FPGA-I2C-Thermostat-Driver/thermostat/thermostat.srcs/constrs_1/new/nexys.xdc:9]
CRITICAL WARNING: [Common 17-55] 'set_property' expects at least one object. [C:/Users/asus1/Documents/GitHub/FPGA-I2C-Thermostat-Driver/thermostat/thermostat.srcs/constrs_1/new/nexys.xdc:9]
Resolution: If [get_<value>] was used to populate the object, check to make sure this command returns at least one valid object.
WARNING: [Vivado 12-584] No ports matched 'clk'. [C:/Users/asus1/Documents/GitHub/FPGA-I2C-Thermostat-Driver/thermostat/thermostat.srcs/constrs_1/new/nexys.xdc:10]
CRITICAL WARNING: [Vivado 12-4739] create_clock:No valid object(s) found for '-objects [get_ports clk]'. [C:/Users/asus1/Documents/GitHub/FPGA-I2C-Thermostat-Driver/thermostat/thermostat.srcs/constrs_1/new/nexys.xdc:10]
Resolution: Check if the specified object(s) exists in the current design. If it does, ensure that the correct design hierarchy was specified for the object. If you are working with clocks, make sure create_clock was used to create the clock object before it is referenced.
WARNING: [Vivado 12-584] No ports matched 'btnc'. [C:/Users/asus1/Documents/GitHub/FPGA-I2C-Thermostat-Driver/thermostat/thermostat.srcs/constrs_1/new/nexys.xdc:15]
CRITICAL WARNING: [Common 17-55] 'set_property' expects at least one object. [C:/Users/asus1/Documents/GitHub/FPGA-I2C-Thermostat-Driver/thermostat/thermostat.srcs/constrs_1/new/nexys.xdc:15]
Resolution: If [get_<value>] was used to populate the object, check to make sure this command returns at least one valid object.
WARNING: [Vivado 12-584] No ports matched 'btnu'. [C:/Users/asus1/Documents/GitHub/FPGA-I2C-Thermostat-Driver/thermostat/thermostat.srcs/constrs_1/new/nexys.xdc:16]
CRITICAL WARNING: [Common 17-55] 'set_property' expects at least one object. [C:/Users/asus1/Documents/GitHub/FPGA-I2C-Thermostat-Driver/thermostat/thermostat.srcs/constrs_1/new/nexys.xdc:16]
Resolution: If [get_<value>] was used to populate the object, check to make sure this command returns at least one valid object.
WARNING: [Vivado 12-584] No ports matched 'btnd'. [C:/Users/asus1/Documents/GitHub/FPGA-I2C-Thermostat-Driver/thermostat/thermostat.srcs/constrs_1/new/nexys.xdc:17]
CRITICAL WARNING: [Common 17-55] 'set_property' expects at least one object. [C:/Users/asus1/Documents/GitHub/FPGA-I2C-Thermostat-Driver/thermostat/thermostat.srcs/constrs_1/new/nexys.xdc:17]
Resolution: If [get_<value>] was used to populate the object, check to make sure this command returns at least one valid object.
WARNING: [Vivado 12-584] No ports matched 'an[0]'. [C:/Users/asus1/Documents/GitHub/FPGA-I2C-Thermostat-Driver/thermostat/thermostat.srcs/constrs_1/new/nexys.xdc:22]
CRITICAL WARNING: [Common 17-55] 'set_property' expects at least one object. [C:/Users/asus1/Documents/GitHub/FPGA-I2C-Thermostat-Driver/thermostat/thermostat.srcs/constrs_1/new/nexys.xdc:22]
Resolution: If [get_<value>] was used to populate the object, check to make sure this command returns at least one valid object.
WARNING: [Vivado 12-584] No ports matched 'an[1]'. [C:/Users/asus1/Documents/GitHub/FPGA-I2C-Thermostat-Driver/thermostat/thermostat.srcs/constrs_1/new/nexys.xdc:23]
CRITICAL WARNING: [Common 17-55] 'set_property' expects at least one object. [C:/Users/asus1/Documents/GitHub/FPGA-I2C-Thermostat-Driver/thermostat/thermostat.srcs/constrs_1/new/nexys.xdc:23]
Resolution: If [get_<value>] was used to populate the object, check to make sure this command returns at least one valid object.
WARNING: [Vivado 12-584] No ports matched 'an[2]'. [C:/Users/asus1/Documents/GitHub/FPGA-I2C-Thermostat-Driver/thermostat/thermostat.srcs/constrs_1/new/nexys.xdc:24]
CRITICAL WARNING: [Common 17-55] 'set_property' expects at least one object. [C:/Users/asus1/Documents/GitHub/FPGA-I2C-Thermostat-Driver/thermostat/thermostat.srcs/constrs_1/new/nexys.xdc:24]
Resolution: If [get_<value>] was used to populate the object, check to make sure this command returns at least one valid object.
WARNING: [Vivado 12-584] No ports matched 'an[3]'. [C:/Users/asus1/Documents/GitHub/FPGA-I2C-Thermostat-Driver/thermostat/thermostat.srcs/constrs_1/new/nexys.xdc:25]
CRITICAL WARNING: [Common 17-55] 'set_property' expects at least one object. [C:/Users/asus1/Documents/GitHub/FPGA-I2C-Thermostat-Driver/thermostat/thermostat.srcs/constrs_1/new/nexys.xdc:25]
Resolution: If [get_<value>] was used to populate the object, check to make sure this command returns at least one valid object.
WARNING: [Vivado 12-584] No ports matched 'an[4]'. [C:/Users/asus1/Documents/GitHub/FPGA-I2C-Thermostat-Driver/thermostat/thermostat.srcs/constrs_1/new/nexys.xdc:26]
CRITICAL WARNING: [Common 17-55] 'set_property' expects at least one object. [C:/Users/asus1/Documents/GitHub/FPGA-I2C-Thermostat-Driver/thermostat/thermostat.srcs/constrs_1/new/nexys.xdc:26]
Resolution: If [get_<value>] was used to populate the object, check to make sure this command returns at least one valid object.
WARNING: [Vivado 12-584] No ports matched 'an[5]'. [C:/Users/asus1/Documents/GitHub/FPGA-I2C-Thermostat-Driver/thermostat/thermostat.srcs/constrs_1/new/nexys.xdc:27]
CRITICAL WARNING: [Common 17-55] 'set_property' expects at least one object. [C:/Users/asus1/Documents/GitHub/FPGA-I2C-Thermostat-Driver/thermostat/thermostat.srcs/constrs_1/new/nexys.xdc:27]
Resolution: If [get_<value>] was used to populate the object, check to make sure this command returns at least one valid object.
WARNING: [Vivado 12-584] No ports matched 'an[6]'. [C:/Users/asus1/Documents/GitHub/FPGA-I2C-Thermostat-Driver/thermostat/thermostat.srcs/constrs_1/new/nexys.xdc:28]
CRITICAL WARNING: [Common 17-55] 'set_property' expects at least one object. [C:/Users/asus1/Documents/GitHub/FPGA-I2C-Thermostat-Driver/thermostat/thermostat.srcs/constrs_1/new/nexys.xdc:28]
Resolution: If [get_<value>] was used to populate the object, check to make sure this command returns at least one valid object.
WARNING: [Vivado 12-584] No ports matched 'an[7]'. [C:/Users/asus1/Documents/GitHub/FPGA-I2C-Thermostat-Driver/thermostat/thermostat.srcs/constrs_1/new/nexys.xdc:29]
CRITICAL WARNING: [Common 17-55] 'set_property' expects at least one object. [C:/Users/asus1/Documents/GitHub/FPGA-I2C-Thermostat-Driver/thermostat/thermostat.srcs/constrs_1/new/nexys.xdc:29]
Resolution: If [get_<value>] was used to populate the object, check to make sure this command returns at least one valid object.
WARNING: [Vivado 12-584] No ports matched 'an[*]'. [C:/Users/asus1/Documents/GitHub/FPGA-I2C-Thermostat-Driver/thermostat/thermostat.srcs/constrs_1/new/nexys.xdc:30]
CRITICAL WARNING: [Common 17-55] 'set_property' expects at least one object. [C:/Users/asus1/Documents/GitHub/FPGA-I2C-Thermostat-Driver/thermostat/thermostat.srcs/constrs_1/new/nexys.xdc:30]
Resolution: If [get_<value>] was used to populate the object, check to make sure this command returns at least one valid object.
WARNING: [Vivado 12-584] No ports matched 'led16_r'. [C:/Users/asus1/Documents/GitHub/FPGA-I2C-Thermostat-Driver/thermostat/thermostat.srcs/constrs_1/new/nexys.xdc:35]
CRITICAL WARNING: [Common 17-55] 'set_property' expects at least one object. [C:/Users/asus1/Documents/GitHub/FPGA-I2C-Thermostat-Driver/thermostat/thermostat.srcs/constrs_1/new/nexys.xdc:35]
Resolution: If [get_<value>] was used to populate the object, check to make sure this command returns at least one valid object.
WARNING: [Vivado 12-584] No ports matched 'led16_g'. [C:/Users/asus1/Documents/GitHub/FPGA-I2C-Thermostat-Driver/thermostat/thermostat.srcs/constrs_1/new/nexys.xdc:36]
CRITICAL WARNING: [Common 17-55] 'set_property' expects at least one object. [C:/Users/asus1/Documents/GitHub/FPGA-I2C-Thermostat-Driver/thermostat/thermostat.srcs/constrs_1/new/nexys.xdc:36]
Resolution: If [get_<value>] was used to populate the object, check to make sure this command returns at least one valid object.
WARNING: [Vivado 12-584] No ports matched 'led16_b'. [C:/Users/asus1/Documents/GitHub/FPGA-I2C-Thermostat-Driver/thermostat/thermostat.srcs/constrs_1/new/nexys.xdc:37]
CRITICAL WARNING: [Common 17-55] 'set_property' expects at least one object. [C:/Users/asus1/Documents/GitHub/FPGA-I2C-Thermostat-Driver/thermostat/thermostat.srcs/constrs_1/new/nexys.xdc:37]
Resolution: If [get_<value>] was used to populate the object, check to make sure this command returns at least one valid object.
WARNING: [Vivado 12-584] No ports matched 'TMP_SCL'. [C:/Users/asus1/Documents/GitHub/FPGA-I2C-Thermostat-Driver/thermostat/thermostat.srcs/constrs_1/new/nexys.xdc:42]
CRITICAL WARNING: [Common 17-55] 'set_property' expects at least one object. [C:/Users/asus1/Documents/GitHub/FPGA-I2C-Thermostat-Driver/thermostat/thermostat.srcs/constrs_1/new/nexys.xdc:42]
Resolution: If [get_<value>] was used to populate the object, check to make sure this command returns at least one valid object.
WARNING: [Vivado 12-584] No ports matched 'TMP_SDA'. [C:/Users/asus1/Documents/GitHub/FPGA-I2C-Thermostat-Driver/thermostat/thermostat.srcs/constrs_1/new/nexys.xdc:43]
CRITICAL WARNING: [Common 17-55] 'set_property' expects at least one object. [C:/Users/asus1/Documents/GitHub/FPGA-I2C-Thermostat-Driver/thermostat/thermostat.srcs/constrs_1/new/nexys.xdc:43]
Resolution: If [get_<value>] was used to populate the object, check to make sure this command returns at least one valid object.
Finished Parsing XDC File [C:/Users/asus1/Documents/GitHub/FPGA-I2C-Thermostat-Driver/thermostat/thermostat.srcs/constrs_1/new/nexys.xdc]
INFO: [Opt 31-138] Pushed 0 inverter(s) to 0 load pin(s).
Netlist sorting complete. Time (s): cpu = 00:00:00 ; elapsed = 00:00:00 . Memory (MB): peak = 924.176 ; gain = 0.000
INFO: [Project 1-111] Unisim Transformation Summary:
No Unisim elements were transformed.

4 Infos, 19 Warnings, 19 Critical Warnings and 0 Errors encountered.
link_design completed successfully
link_design: Time (s): cpu = 00:00:06 ; elapsed = 00:00:10 . Memory (MB): peak = 924.176 ; gain = 313.324
Command: opt_design
Attempting to get a license for feature 'Implementation' and/or device 'xc7a50ti'
INFO: [Common 17-349] Got license for feature 'Implementation' and/or device 'xc7a50ti'
Running DRC as a precondition to command opt_design

Starting DRC Task
INFO: [DRC 23-27] Running DRC with 2 threads
INFO: [Project 1-461] DRC finished with 0 Errors
INFO: [Project 1-462] Please refer to the DRC report (report_drc) for more information.

Time (s): cpu = 00:00:02 ; elapsed = 00:00:03 . Memory (MB): peak = 934.352 ; gain = 10.176

Starting Cache Timing Information Task
